<?xml version="1.0" encoding="UTF-8"?>
<testsuite name="com.example.project.TestUser" tests="2" skipped="0" failures="0" errors="0" timestamp="2025-01-24T18:06:13" hostname="codespaces-e95131" time="0.031">
  <properties/>
  <testcase name="testUserConstructor()" classname="com.example.project.TestUser" time="0.022"/>
  <testcase name="testUserInfo()" classname="com.example.project.TestUser" time="0.002"/>
  <system-out><![CDATA[]]></system-out>
  <system-err><![CDATA[]]></system-err>
</testsuite>
