<?xml version="1.0" encoding="UTF-8"?>
<testsuite name="com.example.project.TestUser" tests="2" skipped="0" failures="0" errors="0" timestamp="2025-01-25T05:10:19" hostname="codespaces-e95131" time="0.037">
  <properties/>
  <testcase name="testUserConstructor()" classname="com.example.project.TestUser" time="0.03"/>
  <testcase name="testUserInfo()" classname="com.example.project.TestUser" time="0.006"/>
  <system-out><![CDATA[]]></system-out>
  <system-err><![CDATA[]]></system-err>
</testsuite>
