<?xml version="1.0" encoding="UTF-8"?>
<testsuite name="com.example.project.TestBookStore" tests="6" skipped="0" failures="0" errors="0" timestamp="2025-01-24T18:06:13" hostname="codespaces-e95131" time="0.041">
  <properties/>
  <testcase name="testAddBook()" classname="com.example.project.TestBookStore" time="0.01"/>
  <testcase name="testAddUser()" classname="com.example.project.TestBookStore" time="0.009"/>
  <testcase name="testInsertBooK()" classname="com.example.project.TestBookStore" time="0.007"/>
  <testcase name="testRemoveBook()" classname="com.example.project.TestBookStore" time="0.001"/>
  <testcase name="testRemoveUser()" classname="com.example.project.TestBookStore" time="0.001"/>
  <testcase name="testConsolidateUsers()" classname="com.example.project.TestBookStore" time="0.001"/>
  <system-out><![CDATA[]]></system-out>
  <system-err><![CDATA[]]></system-err>
</testsuite>
