<?xml version="1.0" encoding="UTF-8"?>
<testsuite name="com.example.project.TestBookStore" tests="6" skipped="0" failures="0" errors="0" timestamp="2025-01-23T03:15:29" hostname="codespaces-e95131" time="0.049">
  <properties/>
  <testcase name="testAddBook()" classname="com.example.project.TestBookStore" time="0.006"/>
  <testcase name="testAddUser()" classname="com.example.project.TestBookStore" time="0.013"/>
  <testcase name="testInsertBooK()" classname="com.example.project.TestBookStore" time="0.005"/>
  <testcase name="testRemoveBook()" classname="com.example.project.TestBookStore" time="0.002"/>
  <testcase name="testRemoveUser()" classname="com.example.project.TestBookStore" time="0.003"/>
  <testcase name="testConsolidateUsers()" classname="com.example.project.TestBookStore" time="0.005"/>
  <system-out><![CDATA[]]></system-out>
  <system-err><![CDATA[]]></system-err>
</testsuite>
