<?xml version="1.0" encoding="UTF-8"?>
<testsuite name="com.example.project.TestUser" tests="2" skipped="0" failures="0" errors="0" timestamp="2025-01-23T03:15:29" hostname="codespaces-e95131" time="0.083">
  <properties/>
  <testcase name="testUserConstructor()" classname="com.example.project.TestUser" time="0.061"/>
  <testcase name="testUserInfo()" classname="com.example.project.TestUser" time="0.009"/>
  <system-out><![CDATA[]]></system-out>
  <system-err><![CDATA[]]></system-err>
</testsuite>
